<?xml version="1.0" encoding="UTF-8"?>
<!-- Generated by org.testng.reporters.JUnitXMLReporter -->
<testsuite hostname="Karthik-HP" name="Default test" tests="4" failures="0" timestamp="30 May 2015 05:12:50 GMT" time="0.04" errors="0">
  <testcase name="testA" time="0.013" classname="testcases.TestCases"/>
  <testcase name="testA" time="0.001" classname="testcases.TestCases"/>
  <testcase name="testB" time="0.001" classname="testcases.TestCases"/>
  <testcase name="testB" time="0.001" classname="testcases.TestCases"/>
</testsuite> <!-- Default test -->
